<?xml version="1.0" encoding="UTF-8"?>
<!-- Generated by org.testng.reporters.JUnitXMLReporter -->
<testsuite hostname="NB-400" ignored="0" name="ABC" tests="3" failures="0" timestamp="2021-06-20T17:00:46 IST" time="10.222" errors="0">
  <testcase name="Homepage" time="1.102" classname="TestCases.LoginWithExtentReport"/>
  <testcase name="LoginPage" time="1.002" classname="TestCases.LoginWithExtentReport"/>
  <testcase name="VerificationPoint" time="0.123" classname="TestCases.LoginWithExtentReport"/>
</testsuite> <!-- ABC -->
